------------------------------------------------------------
C:\Python34\Scripts\pip run on 07/25/18 23:19:55
Downloading/unpacking sip
  Getting page https://pypi.python.org/simple/sip/
  URLs to search for versions for sip:
  * https://pypi.python.org/simple/sip/
  Analyzing links from page https://pypi.org/simple/sip/
    Skipping https://files.pythonhosted.org/packages/d4/b9/3f506d00561be860919688aa917fcf8d18ba39a7c8ad85deddfb4a346c51/sip-4.18-cp35-cp35m-macosx_10_6_intel.whl#sha256=7c2f989215cfa01e84e8d496f290d39ca9cabc0694a2558cbedb0db7f37355c4 (from https://pypi.org/simple/sip/) because it is not compatible with this Python
    Skipping https://files.pythonhosted.org/packages/56/a5/974eb9e9224eb21437f59733ca8e695cbb6507a510cd283cb664cf1ab9d7/sip-4.18-cp35-cp35m-manylinux1_x86_64.whl#sha256=a1c7c6b037e455ceb8af2b585277c69d218fb4e69f97c913feecfb1ec9f01919 (from https://pypi.org/simple/sip/) because it is not compatible with this Python
    Skipping https://files.pythonhosted.org/packages/42/46/fc1c06fac246ffabc80f7f5de4a73be027112628c31594bee314954bd414/sip-4.18-cp35-none-win32.whl#sha256=e6f523c0262a9f13ed48153f47c24e24bc8609fa86c9e808e59ad2f55c65cb3c (from https://pypi.org/simple/sip/) because it is not compatible with this Python
    Skipping https://files.pythonhosted.org/packages/7b/d0/7c9a7b69d1504c27e65b1efb053966f3b232e9071bb99ecc447232319f98/sip-4.18-cp35-none-win_amd64.whl#sha256=483020055fafef260fdf475d2f61148e8572c5cc09f62c04550bbed4fb0a0c1b (from https://pypi.org/simple/sip/) because it is not compatible with this Python
    Skipping https://files.pythonhosted.org/packages/aa/61/d3e33258a7f65c17074de62a8a34bbb999e7ffb0688e562e6e68df7fde4f/sip-4.18.1-cp35-cp35m-macosx_10_6_intel.whl#sha256=dd4bbdebcb6921f095db7a5b82b90f5076a11071c4f59b474e64af8527c4b64c (from https://pypi.org/simple/sip/) because it is not compatible with this Python
    Skipping https://files.pythonhosted.org/packages/40/48/295e0dcdb3b0180d74f8c3dd77c67e727f5aa7e4cc68005fee8c4fae92cb/sip-4.18.1-cp35-cp35m-manylinux1_x86_64.whl#sha256=31c00020731574b135deedd41460c47f1ac11636da7b0816d1c1b44f18501c8f (from https://pypi.org/simple/sip/) because it is not compatible with this Python
    Skipping https://files.pythonhosted.org/packages/90/e1/103eba6a762a8e48357488352221d1ec24a5c44de372d204313e1e5215f8/sip-4.18.1-cp35-none-win32.whl#sha256=b5b3958b69ad5bcfa983ed589bf21178f4f955995e22abb2db3e1c3ee1b72397 (from https://pypi.org/simple/sip/) because it is not compatible with this Python
    Skipping https://files.pythonhosted.org/packages/73/7c/7f40c734bba4523190b87bc3ac95113264bd53efc69322712002192c9823/sip-4.18.1-cp35-none-win_amd64.whl#sha256=529d77130e0e445679c9f596b082ea3f29d343ffc4759043b3da3443c98a4e01 (from https://pypi.org/simple/sip/) because it is not compatible with this Python
    Skipping https://files.pythonhosted.org/packages/a1/66/8aba2d5e0f8d6c7fc43a68d4d3b2971bb2228342d94e0516cd88ae5f0464/sip-4.19-cp35-cp35m-macosx_10_6_intel.whl#sha256=dcc4bfa88ae80147f5e2cdaacd7d5adae124ff1ea6eb8745031b1a40c82d5f07 (from https://pypi.org/simple/sip/) because it is not compatible with this Python
    Skipping https://files.pythonhosted.org/packages/ee/cc/6ebf2d859aa6f48e91ea6807d4b552135e03570b4ae8142d90d2dcb94405/sip-4.19-cp35-cp35m-manylinux1_x86_64.whl#sha256=a215ae4714087f6538ba59ceb6ccab1dae252d193fa72adb88ac369ba747316e (from https://pypi.org/simple/sip/) because it is not compatible with this Python
    Skipping https://files.pythonhosted.org/packages/4d/be/b49d06739027998d06cf85c5e61cc6f87a6edd2c0ecf7496185f08f2730a/sip-4.19-cp35-none-win32.whl#sha256=3718cf5b477318f59e1ff4b6ca105db3f6b0a1cc04d5ffea1bddbe7915418a76 (from https://pypi.org/simple/sip/) because it is not compatible with this Python
    Skipping https://files.pythonhosted.org/packages/c2/1e/44017184f68c94d4fa3898ca15079868d083a05aac0d33f65cd8fed07dd9/sip-4.19-cp35-none-win_amd64.whl#sha256=c2c44495e866ed87fb75289dea4589fd30b6b11af5e57512b55ee24eba843fa2 (from https://pypi.org/simple/sip/) because it is not compatible with this Python
    Skipping https://files.pythonhosted.org/packages/51/63/85c2fec6498e4fa792af2640598d2fc26c048274b8fa3735164bbdd2226f/sip-4.19-cp36-cp36m-macosx_10_6_intel.whl#sha256=6b5ca1c2e498ee13ba26d2e6efc00cbff4c9bf01db949c1c4046e68c223b24a8 (from https://pypi.org/simple/sip/) because it is not compatible with this Python
    Skipping https://files.pythonhosted.org/packages/b0/09/c5cf0f69036909c11c4f6135295f1b3600578cd6fc65737eb66c0c88436d/sip-4.19-cp36-cp36m-manylinux1_x86_64.whl#sha256=dc071ec30f8f90646b9ff150114d9ebb6df28f3018d01ff66fbd9f126b32c22f (from https://pypi.org/simple/sip/) because it is not compatible with this Python
    Skipping https://files.pythonhosted.org/packages/8d/db/fe1df0c49ec794e4dab232142d835c1b57e2cf9f8ef101c34c840a420335/sip-4.19-cp36-none-win32.whl#sha256=2d313341fd7a3b066e7836d88bacd512ecc0450cc1373f670b2579cbb63173a3 (from https://pypi.org/simple/sip/) because it is not compatible with this Python
    Skipping https://files.pythonhosted.org/packages/4a/37/86cda76a49b767f3cf26a7b7fdb45e002d97a3ce4590e4f969b49d4eae92/sip-4.19-cp36-none-win_amd64.whl#sha256=91d55e8df8aae1aefc340a46540406ccffa3f1b9b240a3da46d11bdc8a705993 (from https://pypi.org/simple/sip/) because it is not compatible with this Python
    Skipping https://files.pythonhosted.org/packages/a4/13/5b392334328aa01a8fac128b9b3dddfbeb71926a5e887fd2f0cac273f548/sip-4.19.1-cp35-cp35m-macosx_10_6_intel.whl#sha256=89835172e2890110a15517f58e066df7e715f5d04dd4a265a3c5c0668da45069 (from https://pypi.org/simple/sip/) because it is not compatible with this Python
    Skipping https://files.pythonhosted.org/packages/cb/51/8df9ae05eaa4e6c1496ebc12449f12c4dd158eb7663cfa84c8054037d50b/sip-4.19.1-cp35-cp35m-manylinux1_x86_64.whl#sha256=1c8aca6d01cf1341bcc17c52e7b3a38d1f44332f4317f49212ac1fce174f07ae (from https://pypi.org/simple/sip/) because it is not compatible with this Python
    Skipping https://files.pythonhosted.org/packages/12/11/f7fee6889d91017c0e3375195ad5119afe1ecaca167d440c41d1432533f5/sip-4.19.1-cp35-none-win32.whl#sha256=1586cc8b7529382f9e41e4f0428f41bab0b213130ae49692886e5703983d5d68 (from https://pypi.org/simple/sip/) because it is not compatible with this Python
    Skipping https://files.pythonhosted.org/packages/ab/e2/3e4435da3ed818a186f04f149a769a55c84c97d345a24e6e0574cb21c10d/sip-4.19.1-cp35-none-win_amd64.whl#sha256=08a6e382e1ee31a48f65121be5180ea55481b935a566226889a76b169f21c915 (from https://pypi.org/simple/sip/) because it is not compatible with this Python
    Skipping https://files.pythonhosted.org/packages/4a/d9/9579f01a6c2155204bf6da55509bb2287dea55709676cfc92bcd5055aa0b/sip-4.19.1-cp36-cp36m-macosx_10_6_intel.whl#sha256=12837a6357930c36ee53e6992aeaedd1dc91a5576114352ca31c3deeabb9e58c (from https://pypi.org/simple/sip/) because it is not compatible with this Python
    Skipping https://files.pythonhosted.org/packages/7d/4f/e7b0f20e4106857e85e0bf47c663427bb78434a241d36be9aeb4d400fbc0/sip-4.19.1-cp36-cp36m-manylinux1_x86_64.whl#sha256=cdee900b905166ca7b4d45d9eb2182b016d0fd74542137d55a9634c850910347 (from https://pypi.org/simple/sip/) because it is not compatible with this Python
    Skipping https://files.pythonhosted.org/packages/36/2c/7571c4d56d0dfc9baa5d8572aa349fdd60ea13f810aee1427691b77ef15b/sip-4.19.1-cp36-none-win32.whl#sha256=324b9923e6a34a383ae7566d3fdb1406d5d738ec8785707932f6e679c3b41b22 (from https://pypi.org/simple/sip/) because it is not compatible with this Python
    Skipping https://files.pythonhosted.org/packages/98/66/0420471445e9f2ecc7a9dff0250c804a528e25d00b844b25685c58d2a134/sip-4.19.1-cp36-none-win_amd64.whl#sha256=dc58459c670f98ff40a272c8fcd155a1bc4c53541f55950e00156d10791225cd (from https://pypi.org/simple/sip/) because it is not compatible with this Python
    Skipping https://files.pythonhosted.org/packages/f9/8c/23d88c8e4d457031111b70ec25bf97844776ec16cfd4688f318dcaeba5d6/sip-4.19.2-cp35-cp35m-macosx_10_6_intel.whl#sha256=34e0966ce35e90ced5ece96648646491012bb75f6212214930d110c2b9870856 (from https://pypi.org/simple/sip/) because it is not compatible with this Python
    Skipping https://files.pythonhosted.org/packages/19/5a/c50a0ccd211f864972da0f2e101722508ffb4e008347fd2a56a99beab9d0/sip-4.19.2-cp35-cp35m-manylinux1_x86_64.whl#sha256=b93329313ec0264a095d380a280b36e5739eabccb420610b705f25dd0c51d159 (from https://pypi.org/simple/sip/) because it is not compatible with this Python
    Skipping https://files.pythonhosted.org/packages/17/ec/8651ca0c24595761c9b25f9fee2f3487c836eee286093e33294cae6c9924/sip-4.19.2-cp35-none-win32.whl#sha256=78561cde6bf71253a959f4c7da60800adfaf1172739c677e79e2a76a9862b2cb (from https://pypi.org/simple/sip/) because it is not compatible with this Python
    Skipping https://files.pythonhosted.org/packages/fb/89/82da2474d0e2183d77a87d217589b55366d60f1101ed9abbea5c0f8fc210/sip-4.19.2-cp35-none-win_amd64.whl#sha256=d11c922bded02fd669801ff8e66be522799d47205879d0e74df963dc779d26d5 (from https://pypi.org/simple/sip/) because it is not compatible with this Python
    Skipping https://files.pythonhosted.org/packages/22/45/8af39cdd11fce2029c183caf0447d2c498aa6fe4bd0ade0cfc9297b5ae4f/sip-4.19.2-cp36-cp36m-macosx_10_6_intel.whl#sha256=8931137b1832f11ea1a7108289315e01080331d4bd2d3dd15b7d62e8a69b7c1a (from https://pypi.org/simple/sip/) because it is not compatible with this Python
    Skipping https://files.pythonhosted.org/packages/7e/55/903260dab5a0bd60e43377f9da9df8ad952684aa75a74c85d16ca1bdc1c4/sip-4.19.2-cp36-cp36m-manylinux1_x86_64.whl#sha256=6bb6ba712350dc13de1ebfdc795a1e558fec5aab0e55801f35f3823ff31814a8 (from https://pypi.org/simple/sip/) because it is not compatible with this Python
    Skipping https://files.pythonhosted.org/packages/53/e9/17b568b0b8cc388fe2987d8ad2904d39b06be66f069043c8c1b080d53896/sip-4.19.2-cp36-none-win32.whl#sha256=7b532f9dee0f485b7024faa2e7029406cbb5b16b07f0cd05ab09dd4ebd6220a7 (from https://pypi.org/simple/sip/) because it is not compatible with this Python
    Skipping https://files.pythonhosted.org/packages/db/07/d17e08b8e18e021e6614622ef73d6907cc272f053373e6719e2dc1a2b7c4/sip-4.19.2-cp36-none-win_amd64.whl#sha256=f63534e80b803e5fb3bb236a26596453c8daf2d9a8b9bfb0b4d1b02f43de59ab (from https://pypi.org/simple/sip/) because it is not compatible with this Python
    Skipping https://files.pythonhosted.org/packages/5f/c5/bd89e89e17f90f931fc0420dfa44603aa6a6d113fd9b0d7a415df0d2586f/sip-4.19.3-cp35-cp35m-macosx_10_6_intel.whl#sha256=e66ef947cd8b8c5a13b9ef04981a78a98805e60ed9618e10a3cce0ff696ca0d0 (from https://pypi.org/simple/sip/) because it is not compatible with this Python
    Skipping https://files.pythonhosted.org/packages/e5/d3/909f9971037c79bbd0c8a59bf8ba2b5359bf1384a1a8973daff838388af6/sip-4.19.3-cp35-cp35m-manylinux1_x86_64.whl#sha256=41077431be4c4b1bde0db19ca022ffbf4a4ef62593482694be3565eadae33c92 (from https://pypi.org/simple/sip/) because it is not compatible with this Python
    Skipping https://files.pythonhosted.org/packages/a5/e1/729644723f5b70d7103644bb9c56a18c2a899d7016c5b6790e0b3878564b/sip-4.19.3-cp35-none-win32.whl#sha256=5e825a811b035e9aed86a06d330ee8896222981327bc7846135f422db929584c (from https://pypi.org/simple/sip/) because it is not compatible with this Python
    Skipping https://files.pythonhosted.org/packages/be/f4/04f2fac0491f4fe25371ece16f1de71174f8de1757a2906937e5c475d652/sip-4.19.3-cp35-none-win_amd64.whl#sha256=46a1d10e43b54f96a467290ece436a2a62010f6b35e419f24cea470350ed0f14 (from https://pypi.org/simple/sip/) because it is not compatible with this Python
    Skipping https://files.pythonhosted.org/packages/e4/b6/707fb3cfa76e6f566270b296ed079b0c91c9270047d42daad2d21d56bcc0/sip-4.19.3-cp36-cp36m-macosx_10_6_intel.whl#sha256=dc7aab5ac82813959bd030f87bea4f3eebef530026472c88670dca5c65ed3d6f (from https://pypi.org/simple/sip/) because it is not compatible with this Python
    Skipping https://files.pythonhosted.org/packages/01/70/59ed0ffc69e0adb40d900c4ad20b09b78dcf2b8ed5d9ebac4d9c66304130/sip-4.19.3-cp36-cp36m-manylinux1_x86_64.whl#sha256=22aa287affe996ca6b4aced678614cd355b26e4a83fd2d9950ea354b9d9e4b09 (from https://pypi.org/simple/sip/) because it is not compatible with this Python
    Skipping https://files.pythonhosted.org/packages/32/37/2b6ba5fba27510bf5e8431c9473e3627c2fdfca66da0ecf365968d929d2a/sip-4.19.3-cp36-none-win32.whl#sha256=9404cbb0d89c2203edea200ce23aeea13fe80ff0c5cf307089f3d7dea0e870c5 (from https://pypi.org/simple/sip/) because it is not compatible with this Python
    Skipping https://files.pythonhosted.org/packages/99/81/f5af0765837bb29cc55c73a85119101e80e0dcd5a6df867fd3ba41a00f8f/sip-4.19.3-cp36-none-win_amd64.whl#sha256=41aedd7b7a08a7c4ef337691bc22250af2f2364b1882898f3f2b71525849f898 (from https://pypi.org/simple/sip/) because it is not compatible with this Python
    Skipping https://files.pythonhosted.org/packages/2d/b8/b8684d4240b4e2c6e228109753aca1d6387da00df19cb41ec667e357669f/sip-4.19.4-cp35-cp35m-macosx_10_6_intel.whl#sha256=0db6ad736f51576b178fb7ce9f486c20c83b356aba7f344ac14c2cd9e8c86e98 (from https://pypi.org/simple/sip/) because it is not compatible with this Python
    Skipping https://files.pythonhosted.org/packages/20/0c/d0548f0f0bbe2a24f0efef726212d3ba232b2e8a5ee11c3ae5674304fb02/sip-4.19.4-cp35-cp35m-manylinux1_x86_64.whl#sha256=77e4f03a024386fe51c9739f08098670d47c9897ee39e76d259d1d262afdfa27 (from https://pypi.org/simple/sip/) because it is not compatible with this Python
    Skipping https://files.pythonhosted.org/packages/31/19/bd6f4ee9ac780890e5ea1b442ef507990ddc700ed3991c9c49b9b119e57a/sip-4.19.4-cp35-none-win32.whl#sha256=db41e3045dec553b2abed9efd8e2ce425f5e95e4d14ba0c0da3c0afdfa8152e0 (from https://pypi.org/simple/sip/) because it is not compatible with this Python
    Skipping https://files.pythonhosted.org/packages/fd/48/ba9109db0a41e95944366c759e112b383d99c4412f200aec5c62aaf30956/sip-4.19.4-cp35-none-win_amd64.whl#sha256=5a4729c7128a27d7660e6b4850c7c2cc1b806ba1789a0a4546fbbc8d7640100f (from https://pypi.org/simple/sip/) because it is not compatible with this Python
    Skipping https://files.pythonhosted.org/packages/bb/c4/3d1a98c2d73c9ce03a7faa62faf6a4b0cc3a54746e2f5906b96e1d8d2342/sip-4.19.4-cp36-cp36m-macosx_10_6_intel.whl#sha256=085b10224b2ffd781d0a5dfb2bab6a8b6593726fb845c3495d941daeffa0cec1 (from https://pypi.org/simple/sip/) because it is not compatible with this Python
    Skipping https://files.pythonhosted.org/packages/f5/4d/2114e910313aba671c184a9b29f0098db8b0d97b525161d3fa1c62fc78c9/sip-4.19.4-cp36-cp36m-manylinux1_x86_64.whl#sha256=d503425b744f34ec01fdeab96de7016f739d01698e0b25618f1528697fbfb513 (from https://pypi.org/simple/sip/) because it is not compatible with this Python
    Skipping https://files.pythonhosted.org/packages/ae/7e/d1e76678963bb288773d6857e6c5ad7f5bb1d88b4762494f0e83674961df/sip-4.19.4-cp36-none-win32.whl#sha256=5177be09bdcfe1d606fd3cb18a3bfefc82e917ee43296c7707bd6230a67a1b74 (from https://pypi.org/simple/sip/) because it is not compatible with this Python
    Skipping https://files.pythonhosted.org/packages/41/b5/3b51a12f62f5dc0073bfb9b92d76c19eecd9385813847936198f04780f71/sip-4.19.4-cp36-none-win_amd64.whl#sha256=842054b73b96fc5994149ce3c5e5a99f224a4f224df8bf5a677828027e95f4a6 (from https://pypi.org/simple/sip/) because it is not compatible with this Python
    Skipping https://files.pythonhosted.org/packages/bd/e5/9b74ca992ff795576c59a7bb3d6bdff11bc63526361b5bf5a95162e22316/sip-4.19.5-cp35-cp35m-macosx_10_6_intel.whl#sha256=3cc775eeae2af667bfe8738f4bbbb1d137e7085c204fabcddd61bf5144e38ee3 (from https://pypi.org/simple/sip/) because it is not compatible with this Python
    Skipping https://files.pythonhosted.org/packages/07/25/77e38748728b6f2a6e86823746deba18d9dfff5768312c479ddb77abdc91/sip-4.19.5-cp35-cp35m-manylinux1_x86_64.whl#sha256=780775f1c64c4af2d4e2bb284acea8779e190b69cc62b611fe24eef60ac4594c (from https://pypi.org/simple/sip/) because it is not compatible with this Python
    Skipping https://files.pythonhosted.org/packages/37/38/a43e112980248c806a3e76262837727a4b11043b5a795a39ac38ab1478ac/sip-4.19.5-cp35-none-win32.whl#sha256=94a03f2210150a103ff2d464f768fd926fae04d55efbba944336a5dd859240d1 (from https://pypi.org/simple/sip/) because it is not compatible with this Python
    Skipping https://files.pythonhosted.org/packages/23/41/f47a8ef6987f5fb31a78c11365abe43c963819a0b577d817d4178d7d5e7d/sip-4.19.5-cp35-none-win_amd64.whl#sha256=21e0aabc058be6fb4cc15fc016cab87d77d19c70ceff74b8fb90896609c4f958 (from https://pypi.org/simple/sip/) because it is not compatible with this Python
    Skipping https://files.pythonhosted.org/packages/9e/75/117fd2a4016694014cb48968458e8bdf3b6a384af25ca84814ed2e143034/sip-4.19.5-cp36-cp36m-macosx_10_6_intel.whl#sha256=b030527a7f111e10006a5d6450156ba031d1fb37516bcfcfcb72e06c69139271 (from https://pypi.org/simple/sip/) because it is not compatible with this Python
    Skipping https://files.pythonhosted.org/packages/71/bc/02cf49072278009f1517051ea9b929652ed886e029a89fd613dfb660d263/sip-4.19.5-cp36-cp36m-manylinux1_x86_64.whl#sha256=9bc303e4da9e48bc089e6381381f350106e5fdd700b6331d4509da7e473b8a0d (from https://pypi.org/simple/sip/) because it is not compatible with this Python
    Skipping https://files.pythonhosted.org/packages/02/0b/dd7ea5c0b501f0a58a269efec52fcc999cef7edc47dc405339ce130aff95/sip-4.19.5-cp36-none-win32.whl#sha256=565f2689c290d1822807a9150dd4db756ec3771ab9fc36920953f0f7abe0a7d0 (from https://pypi.org/simple/sip/) because it is not compatible with this Python
    Skipping https://files.pythonhosted.org/packages/52/99/d2355fb8711eece13fc56957c959f99f8897803548320a0afc30803e298f/sip-4.19.5-cp36-none-win_amd64.whl#sha256=ac4ccf2f3438493cb50fac008cef305c0d3b32e5be4fa2dace9bb8c510dfafd3 (from https://pypi.org/simple/sip/) because it is not compatible with this Python
    Skipping https://files.pythonhosted.org/packages/15/dc/73c0cef6579a5393b65a38536d20a5b75c689ea41b24ac6eff06dfa2a8e5/sip-4.19.6-cp35-cp35m-macosx_10_6_intel.whl#sha256=7d3a56a073081c6cb74a2766fea165da7de4402bc7b7dcd3733c2e2e5d0c7501 (from https://pypi.org/simple/sip/) because it is not compatible with this Python
    Skipping https://files.pythonhosted.org/packages/1d/2b/e62c37ca6e560f5897479c8cfb4929e9edd1733ac31cfe03a5ff459a119c/sip-4.19.6-cp35-cp35m-manylinux1_x86_64.whl#sha256=0c30f52addb5a4f289e17b4d227330dc751c8d6096aa667ded202123817f5ff8 (from https://pypi.org/simple/sip/) because it is not compatible with this Python
    Skipping https://files.pythonhosted.org/packages/0f/0e/258a279eddc66af0bb075cb48ebbbc34a6d81101820e86c0c75d0145644e/sip-4.19.6-cp35-none-win32.whl#sha256=ade428b0fe6a2b95b3c46a931e4826d98a52f3a1535056b65d76759353833fa7 (from https://pypi.org/simple/sip/) because it is not compatible with this Python
    Skipping https://files.pythonhosted.org/packages/bd/8b/71ac5dab83aa1ac74e988782cf1b978999db542c8a160b64166b184fcc73/sip-4.19.6-cp35-none-win_amd64.whl#sha256=6fa06620b1fc3a948e07a220ad055bb8338f67045f95955ccb821cd85f00ad3b (from https://pypi.org/simple/sip/) because it is not compatible with this Python
    Skipping https://files.pythonhosted.org/packages/03/86/ccc7afea2b2c67d6dc75616332babd1c8ee673e7ace2d68f7bfe870313eb/sip-4.19.6-cp36-cp36m-macosx_10_6_intel.whl#sha256=379a6788395fe9dbaa0e266a4cbae94779180f4b6cabf876a304a32f78767323 (from https://pypi.org/simple/sip/) because it is not compatible with this Python
    Skipping https://files.pythonhosted.org/packages/8e/9e/9587f4519fa2aec51e3419649e01b3717ed2e7556a461762e71e3aeea2db/sip-4.19.6-cp36-cp36m-manylinux1_x86_64.whl#sha256=3f4604273a132dbeaf2b6504d10fef384a771f96beff3e91549d14f93b88aa1e (from https://pypi.org/simple/sip/) because it is not compatible with this Python
    Skipping https://files.pythonhosted.org/packages/47/e9/8c8d54c17364a12c9004ee40a04667834cca0cac816dc387e72aa6d7e6df/sip-4.19.6-cp36-none-win32.whl#sha256=7b07a3718217eed881b8ad6d5ca528b597bbc913229312e465383c79194b5a6a (from https://pypi.org/simple/sip/) because it is not compatible with this Python
    Skipping https://files.pythonhosted.org/packages/0d/76/74bc717a20a0dfb775c96ca3c07c2aad9383efe46faa5e7ed517f7111b53/sip-4.19.6-cp36-none-win_amd64.whl#sha256=a86d9c22471926663a290a2af5ea32b37df201e85b3aa81a473ccdffc35ce83a (from https://pypi.org/simple/sip/) because it is not compatible with this Python
    Skipping https://files.pythonhosted.org/packages/bf/95/cf8ccaffcb7fce73677e0cd0b84f74354fcda9842a591e7e710c5d1406c4/sip-4.19.7-cp35-cp35m-macosx_10_6_intel.whl#sha256=f31bb63e63a958f65887ae27f06e62af9f9cb818ba7456a99f78a5ec3082d3dd (from https://pypi.org/simple/sip/) because it is not compatible with this Python
    Skipping https://files.pythonhosted.org/packages/65/aa/0ecb10b41090b2cd1a910d168aca4808f73b9c65d2ea7c25c852b942b2a0/sip-4.19.7-cp35-cp35m-manylinux1_x86_64.whl#sha256=776e169da554729f80337070348db49a6742d8aa317aec931a4d0f47b7ef535d (from https://pypi.org/simple/sip/) because it is not compatible with this Python
    Skipping https://files.pythonhosted.org/packages/8c/54/8a25e999ef9d388abaf88cabdcaac5d8c4b9a912834ec1c615d11c942790/sip-4.19.7-cp35-none-win32.whl#sha256=beac2bc1b9457a693fb3122c797cad5678a168ecff6ccbad4aa3a9f1ff1a2d86 (from https://pypi.org/simple/sip/) because it is not compatible with this Python
    Skipping https://files.pythonhosted.org/packages/84/e2/2b9f64e4dc25b0533b60c6e973fe3b4ed3725d77d7c96d92f66207e711b3/sip-4.19.7-cp35-none-win_amd64.whl#sha256=1c5a1ad409e97833a4a873fae5bcd7a365651f7372806992d03891082821bc41 (from https://pypi.org/simple/sip/) because it is not compatible with this Python
    Skipping https://files.pythonhosted.org/packages/f1/e2/72b1a811bb4ae61978f60923833d23b544a3ca1f55b877a9de12a0a8d0fb/sip-4.19.7-cp36-cp36m-macosx_10_6_intel.whl#sha256=248ecca386d4832138f6a044dceb0bfc38fb8503b7ffbfeb474073f56930144b (from https://pypi.org/simple/sip/) because it is not compatible with this Python
    Skipping https://files.pythonhosted.org/packages/c0/d6/39b2834458a79712c3423a8cf9c494ea90cb920747fcba347a6959c5fb96/sip-4.19.7-cp36-cp36m-manylinux1_x86_64.whl#sha256=ab338095e32ebb2047b6184f1383c667c47b9822d7320fdfb93870567a972343 (from https://pypi.org/simple/sip/) because it is not compatible with this Python
    Skipping https://files.pythonhosted.org/packages/a6/e0/014bc4c05153530a6659bb8b667e5c629c70ffc7c957f289899ae77b0bc1/sip-4.19.7-cp36-none-win32.whl#sha256=ebea4619e9626e2eb197835049807c8173f11e2023b05140cbee4b274a91ef5e (from https://pypi.org/simple/sip/) because it is not compatible with this Python
    Skipping https://files.pythonhosted.org/packages/c8/ed/13dfbd4bd9f173ff1e2037a77e9dd737e6ca9da00cbea96f86eba30650da/sip-4.19.7-cp36-none-win_amd64.whl#sha256=2db24e65c99b7d20a67fa461f6bc2e15bddb6cd5fde52e37d6609566d79a69a1 (from https://pypi.org/simple/sip/) because it is not compatible with this Python
    Skipping https://files.pythonhosted.org/packages/3e/e4/06cbc790385c1606d511a6de783cf1a0f7664bb103330e52ba3df7b4599f/sip-4.19.7-cp37-cp37m-macosx_10_6_intel.whl#sha256=3b45eecf6f68a29f5629dc064079e919987b030628bb6614da7f4eefedbe145e (from https://pypi.org/simple/sip/) because it is not compatible with this Python
    Skipping https://files.pythonhosted.org/packages/1e/90/ee7959af131a4507f3e83ff66778f812f415df7fe3c234c4ad610f999e57/sip-4.19.7-cp37-cp37m-manylinux1_x86_64.whl#sha256=2120e9d713120687558b6699cf5ff6a8f7b070776b19d6c7fc96fc64ea8ca056 (from https://pypi.org/simple/sip/) because it is not compatible with this Python
    Skipping https://files.pythonhosted.org/packages/de/d5/9ba3d7e06ffae9bae831da6275c99efcdc8f39dcfdd9f6264c4b3029f549/sip-4.19.7-cp37-none-win32.whl#sha256=18350ebf82beaef6a73d2c14320f19961242ed424670407df6fd5a9b65f0e7fc (from https://pypi.org/simple/sip/) because it is not compatible with this Python
    Skipping https://files.pythonhosted.org/packages/68/13/f6c0712578ed53298bd95e8441fe94b609f5e0972b1bc2175ca619a2d372/sip-4.19.7-cp37-none-win_amd64.whl#sha256=92413edcb4fea75ebd1f8142c882dc5db398025eb8a0a273385838fd791de73c (from https://pypi.org/simple/sip/) because it is not compatible with this Python
    Skipping https://files.pythonhosted.org/packages/d3/66/3fc04a7f33c9b49a62c2edc8f3da70c141f2b1e09f921cd4a88a0e086ce6/sip-4.19.8-cp35-cp35m-macosx_10_6_intel.whl#sha256=d9023422127b94d11c1a84bfa94933e959c484f2c79553c1ef23c69fe00d25f8 (from https://pypi.org/simple/sip/) because it is not compatible with this Python
    Skipping https://files.pythonhosted.org/packages/6b/46/2869369c8ec634ec9dc714b84834e9264acbe87eb7492328efccfa0c855e/sip-4.19.8-cp35-cp35m-manylinux1_x86_64.whl#sha256=e72955e12f4fccf27aa421be383453d697b8a44bde2cc26b08d876fd492d0174 (from https://pypi.org/simple/sip/) because it is not compatible with this Python
    Skipping https://files.pythonhosted.org/packages/8a/62/a1b3612a016b01b2606d32e89b1f2e83b915b278aa61fd63fb8dc66ba536/sip-4.19.8-cp35-none-win32.whl#sha256=52074f7cb5488e8b75b52f34ec2230bc75d22986c7fe5cd3f2d266c23f3349a7 (from https://pypi.org/simple/sip/) because it is not compatible with this Python
    Skipping https://files.pythonhosted.org/packages/15/75/bf654c02d5df484d8d336cb76629d1f651905a0b23f34fcc1853d07fa5a8/sip-4.19.8-cp35-none-win_amd64.whl#sha256=5ff887a33839de8fc77d7f69aed0259b67a384dc91a1dc7588e328b0b980bde2 (from https://pypi.org/simple/sip/) because it is not compatible with this Python
    Skipping https://files.pythonhosted.org/packages/b1/6f/782b6ff2770ebc6709dd7dc53a0636599a035853c78d785911fefc3f0e43/sip-4.19.8-cp36-cp36m-macosx_10_6_intel.whl#sha256=09f9a4e6c28afd0bafedb26ffba43375b97fe7207bd1a0d3513f79b7d168b331 (from https://pypi.org/simple/sip/) because it is not compatible with this Python
    Skipping https://files.pythonhosted.org/packages/8a/ea/d317ce5696dda4df7c156cd60447cda22833b38106c98250eae1451f03ec/sip-4.19.8-cp36-cp36m-manylinux1_x86_64.whl#sha256=cf98150a99e43fda7ae22abe655b6f202e491d6291486548daa56cb15a2fcf85 (from https://pypi.org/simple/sip/) because it is not compatible with this Python
    Skipping https://files.pythonhosted.org/packages/7a/49/67cc7955baf2ec5b67e141da2ab2a436cbf0f8d7c9fcab54e35df21d056b/sip-4.19.8-cp36-none-win32.whl#sha256=74da4ddd20c5b35c19cda753ce1e8e1f71616931391caeac2de7a1715945c679 (from https://pypi.org/simple/sip/) because it is not compatible with this Python
    Skipping https://files.pythonhosted.org/packages/30/fa/90ea79d7b6b21a50e16d2e1214bd4d45390ee1b5393dc09c3785a3dc9c7e/sip-4.19.8-cp36-none-win_amd64.whl#sha256=265ddf69235dd70571b7d4da20849303b436192e875ce7226be7144ca702a45c (from https://pypi.org/simple/sip/) because it is not compatible with this Python
    Skipping https://files.pythonhosted.org/packages/76/e2/64bd7b249fb3fe3d225338d0acccaeb34da6a26f72f5eac969ad9c570ea0/sip-4.19.8-cp37-cp37m-macosx_10_6_intel.whl#sha256=97bb93ee0ef01ba90f57be2b606e08002660affd5bc380776dd8b0fcaa9e093a (from https://pypi.org/simple/sip/) because it is not compatible with this Python
    Skipping https://files.pythonhosted.org/packages/6f/42/538d33b0add4c0ae05bce1e0ee74fd0a13c3f1354fefdbf5d2077a8a866d/sip-4.19.8-cp37-cp37m-manylinux1_x86_64.whl#sha256=7d69e9cf4f8253a3c0dfc5ba6bb9ac8087b8239851f22998e98cb35cfe497b68 (from https://pypi.org/simple/sip/) because it is not compatible with this Python
    Skipping https://files.pythonhosted.org/packages/89/34/056db01926839dd05f80a08a579ee2f4f6625913b0620580ee580fa05fbf/sip-4.19.8-cp37-none-win32.whl#sha256=1bb10aac55bd5ab0e2ee74b3047aa2016cfa7932077c73f602a6f6541af8cd51 (from https://pypi.org/simple/sip/) because it is not compatible with this Python
    Skipping https://files.pythonhosted.org/packages/4c/fb/4fb2152ee346133603779ef267ea5a7eb50cb6679674bf9b851722cf297b/sip-4.19.8-cp37-none-win_amd64.whl#sha256=105edaaa1c8aa486662226360bd3999b4b89dd56de3e314d82b83ed0587d8783 (from https://pypi.org/simple/sip/) because it is not compatible with this Python
  Could not find any downloads that satisfy the requirement sip
Cleaning up...
  Removing temporary dir C:\users\yashinshekh\Temp\pip_build_yashinshekh...
No distributions at all found for sip
Exception information:
Traceback (most recent call last):
  File "C:\Python34\lib\site-packages\pip\basecommand.py", line 122, in main
    status = self.run(options, args)
  File "C:\Python34\lib\site-packages\pip\commands\install.py", line 278, in run
    requirement_set.prepare_files(finder, force_root_egg_info=self.bundle, bundle=self.bundle)
  File "C:\Python34\lib\site-packages\pip\req.py", line 1177, in prepare_files
    url = finder.find_requirement(req_to_install, upgrade=self.upgrade)
  File "C:\Python34\lib\site-packages\pip\index.py", line 277, in find_requirement
    raise DistributionNotFound('No distributions at all found for %s' % req)
pip.exceptions.DistributionNotFound: No distributions at all found for sip
